<?xml version="1.0" encoding="UTF-8"?>
<!-- Generated by org.testng.reporters.JUnitReportReporter -->
<testsuite hostname="MSI" failures="0" tests="1" name="simpleRunner.SimpleSearch" time="9.408" errors="0" timestamp="2024-08-11T10:08:26 IST" skipped="0">
  <testcase classname="simpleRunner.SimpleSearch" name="runScenario" time="9.408"/>
</testsuite> <!-- simpleRunner.SimpleSearch -->
