<?xml version="1.0" encoding="UTF-8"?>
<!-- Generated by org.testng.reporters.JUnitReportReporter -->
<testsuite hostname="MSI" failures="0" tests="1" name="simpleRunner.SimpleSearch" time="7.564" errors="0" timestamp="2024-08-11T10:26:17 IST" skipped="0">
  <testcase classname="simpleRunner.SimpleSearch" name="runScenario" time="7.564"/>
</testsuite> <!-- simpleRunner.SimpleSearch -->
