<?xml version="1.0" encoding="UTF-8"?>
<!-- Generated by org.testng.reporters.JUnitReportReporter -->
<testsuite hostname="MSI" failures="0" tests="1" name="runner2.Search2" time="23.838" errors="0" timestamp="2024-08-07T15:44:36 IST" skipped="0">
  <testcase classname="runner2.Search2" name="runScenario" time="23.838"/>
</testsuite> <!-- runner2.Search2 -->
